[2023-01-21 00:00:00]: Parser reload
[2023-01-21 00:00:04]: Found total 1 matches
[2023-01-21 00:01:00]: Parser reload
[2023-01-21 00:01:04]: Found total 1 matches
[2023-01-21 00:02:00]: Parser reload
[2023-01-21 00:02:05]: Found total 1 matches
[2023-01-21 00:03:00]: Parser reload
[2023-01-21 00:03:04]: Found total 1 matches
[2023-01-21 00:04:00]: Parser reload
[2023-01-21 00:04:04]: Found total 1 matches
[2023-01-21 00:05:00]: Parser reload
[2023-01-21 00:05:04]: Found total 1 matches
[2023-01-21 00:06:00]: Parser reload
[2023-01-21 00:06:04]: Found total 1 matches
[2023-01-21 00:07:00]: Parser reload
[2023-01-21 00:07:07]: Found total 1 matches
[2023-01-21 00:08:00]: Parser reload
[2023-01-21 00:08:04]: Found total 1 matches
[2023-01-21 00:09:00]: Parser reload
[2023-01-21 00:09:04]: Found total 1 matches
[2023-01-21 00:10:00]: Parser reload
[2023-01-21 00:10:04]: Found total 0 matches
[2023-01-21 00:11:00]: Parser reload
[2023-01-21 00:11:04]: Found total 0 matches
[2023-01-21 00:12:00]: Parser reload
[2023-01-21 00:12:04]: Found total 0 matches
[2023-01-21 00:13:00]: Parser reload
[2023-01-21 00:13:04]: Found total 0 matches
[2023-01-21 00:14:00]: Parser reload
[2023-01-21 00:14:04]: Found total 0 matches
[2023-01-21 00:15:00]: Parser reload
[2023-01-21 00:15:04]: Found total 0 matches
[2023-01-21 00:16:00]: Parser reload
[2023-01-21 00:16:04]: Found total 0 matches
[2023-01-21 00:17:00]: Parser reload
[2023-01-21 00:17:04]: Found total 0 matches
[2023-01-21 00:18:00]: Parser reload
[2023-01-21 00:18:04]: Found total 0 matches
[2023-01-21 00:19:00]: Parser reload
[2023-01-21 00:19:04]: Found total 0 matches
[2023-01-21 00:20:00]: Parser reload
[2023-01-21 00:20:04]: Found total 0 matches
[2023-01-21 00:21:00]: Parser reload
[2023-01-21 00:21:04]: Found total 0 matches
[2023-01-21 00:22:00]: Parser reload
[2023-01-21 00:22:04]: Found total 0 matches
[2023-01-21 00:23:00]: Parser reload
[2023-01-21 00:23:04]: Found total 0 matches
[2023-01-21 00:24:00]: Parser reload
[2023-01-21 00:24:04]: Found total 0 matches
[2023-01-21 00:25:00]: Parser reload
[2023-01-21 00:25:04]: Found total 0 matches
[2023-01-21 00:26:00]: Parser reload
[2023-01-21 00:26:04]: Found total 0 matches
[2023-01-21 00:27:00]: Parser reload
[2023-01-21 00:27:04]: Found total 0 matches
[2023-01-21 00:28:00]: Parser reload
[2023-01-21 00:28:04]: Found total 0 matches
[2023-01-21 00:29:00]: Parser reload
[2023-01-21 00:29:04]: Found total 0 matches
[2023-01-21 00:30:00]: Parser reload
[2023-01-21 00:30:04]: Found total 0 matches
[2023-01-21 00:31:00]: Parser reload
[2023-01-21 00:31:04]: Found total 0 matches
[2023-01-21 00:32:00]: Parser reload
[2023-01-21 00:32:04]: Found total 0 matches
[2023-01-21 00:33:00]: Parser reload
[2023-01-21 00:33:04]: Found total 0 matches
[2023-01-21 00:34:00]: Parser reload
[2023-01-21 00:34:05]: Found total 0 matches
[2023-01-21 00:35:00]: Parser reload
[2023-01-21 00:35:04]: Found total 0 matches
[2023-01-21 00:36:00]: Parser reload
[2023-01-21 00:36:04]: Found total 0 matches
[2023-01-21 00:37:00]: Parser reload
[2023-01-21 00:37:04]: Found total 0 matches
[2023-01-21 00:38:00]: Parser reload
[2023-01-21 00:38:04]: Found total 0 matches
[2023-01-21 00:39:00]: Parser reload
[2023-01-21 00:39:04]: Found total 0 matches
[2023-01-21 00:40:00]: Parser reload
[2023-01-21 00:40:04]: Found total 0 matches
[2023-01-21 00:41:00]: Parser reload
[2023-01-21 00:41:04]: Found total 0 matches
[2023-01-21 00:42:00]: Parser reload
[2023-01-21 00:42:04]: Found total 0 matches
[2023-01-21 00:43:00]: Parser reload
[2023-01-21 00:43:04]: Found total 0 matches
[2023-01-21 00:44:00]: Parser reload
[2023-01-21 00:44:04]: Found total 0 matches
[2023-01-21 00:45:00]: Parser reload
[2023-01-21 00:45:04]: Found total 0 matches
[2023-01-21 00:46:00]: Parser reload
[2023-01-21 00:46:04]: Found total 0 matches
[2023-01-21 00:47:00]: Parser reload
[2023-01-21 00:47:04]: Found total 0 matches
[2023-01-21 00:48:00]: Parser reload
[2023-01-21 00:48:04]: Found total 0 matches
[2023-01-21 00:49:00]: Parser reload
[2023-01-21 00:49:04]: Found total 0 matches
[2023-01-21 00:50:00]: Parser reload
[2023-01-21 00:50:04]: Found total 0 matches
[2023-01-21 00:51:00]: Parser reload
[2023-01-21 00:51:04]: Found total 0 matches
[2023-01-21 00:52:00]: Parser reload
[2023-01-21 00:52:05]: Found total 0 matches
[2023-01-21 00:53:00]: Parser reload
[2023-01-21 00:53:04]: Found total 0 matches
[2023-01-21 00:54:00]: Parser reload
[2023-01-21 00:54:04]: Found total 0 matches
[2023-01-21 00:55:00]: Parser reload
[2023-01-21 00:55:04]: Found total 0 matches
[2023-01-21 00:56:00]: Parser reload
[2023-01-21 00:56:05]: Found total 0 matches
[2023-01-21 00:57:00]: Parser reload
[2023-01-21 00:57:05]: Found total 0 matches
[2023-01-21 00:58:00]: Parser reload
[2023-01-21 00:58:05]: Found total 0 matches
[2023-01-21 00:59:00]: Parser reload
[2023-01-21 00:59:05]: Found total 0 matches
[2023-01-21 01:00:00]: Parser reload
[2023-01-21 01:00:04]: Found total 0 matches
[2023-01-21 01:01:00]: Parser reload
[2023-01-21 01:01:05]: Found total 0 matches
[2023-01-21 01:02:00]: Parser reload
[2023-01-21 01:02:05]: Found total 0 matches
[2023-01-21 01:03:00]: Parser reload
[2023-01-21 01:03:05]: Found total 0 matches
[2023-01-21 01:04:00]: Parser reload
[2023-01-21 01:04:05]: Found total 0 matches
[2023-01-21 01:05:00]: Parser reload
[2023-01-21 01:05:05]: Found total 0 matches
[2023-01-21 01:06:00]: Parser reload
[2023-01-21 01:06:05]: Found total 0 matches
[2023-01-21 01:07:00]: Parser reload
[2023-01-21 01:07:03]: Found total 0 matches
[2023-01-21 01:08:00]: Parser reload
[2023-01-21 01:08:05]: Found total 0 matches
[2023-01-21 01:09:00]: Parser reload
[2023-01-21 01:09:05]: Found total 0 matches
[2023-01-21 01:10:00]: Parser reload
[2023-01-21 01:10:05]: Found total 0 matches
[2023-01-21 01:11:00]: Parser reload
[2023-01-21 01:11:05]: Found total 0 matches
[2023-01-21 01:12:00]: Parser reload
[2023-01-21 01:12:05]: Found total 0 matches
[2023-01-21 01:13:00]: Parser reload
[2023-01-21 01:13:05]: Found total 0 matches
[2023-01-21 01:14:00]: Parser reload
[2023-01-21 01:14:05]: Found total 0 matches
[2023-01-21 01:15:00]: Parser reload
[2023-01-21 01:15:05]: Found total 0 matches
[2023-01-21 01:16:00]: Parser reload
[2023-01-21 01:16:05]: Found total 0 matches
[2023-01-21 01:17:00]: Parser reload
[2023-01-21 01:17:05]: Found total 0 matches
[2023-01-21 01:18:00]: Parser reload
[2023-01-21 01:18:05]: Found total 0 matches
[2023-01-21 01:19:00]: Parser reload
[2023-01-21 01:19:05]: Found total 0 matches
[2023-01-21 01:20:00]: Parser reload
[2023-01-21 01:20:05]: Found total 0 matches
[2023-01-21 01:21:00]: Parser reload
[2023-01-21 01:21:04]: Found total 0 matches
[2023-01-21 01:22:00]: Parser reload
[2023-01-21 01:22:05]: Found total 0 matches
[2023-01-21 01:23:00]: Parser reload
[2023-01-21 01:23:05]: Found total 0 matches
[2023-01-21 01:24:00]: Parser reload
[2023-01-21 01:24:05]: Found total 0 matches
[2023-01-21 01:25:00]: Parser reload
[2023-01-21 01:25:05]: Found total 0 matches
[2023-01-21 01:26:00]: Parser reload
[2023-01-21 01:26:05]: Found total 0 matches
[2023-01-21 01:27:00]: Parser reload
[2023-01-21 01:27:03]: Found total 0 matches
[2023-01-21 01:28:00]: Parser reload
[2023-01-21 01:28:05]: Found total 0 matches
[2023-01-21 01:29:00]: Parser reload
[2023-01-21 01:29:05]: Found total 0 matches
[2023-01-21 01:30:00]: Parser reload
[2023-01-21 01:30:05]: Found total 0 matches
[2023-01-21 01:31:00]: Parser reload
[2023-01-21 01:31:05]: Found total 0 matches
[2023-01-21 01:32:00]: Parser reload
[2023-01-21 01:32:05]: Found total 0 matches
[2023-01-21 01:33:00]: Parser reload
[2023-01-21 01:33:05]: Found total 0 matches
[2023-01-21 01:34:00]: Parser reload
[2023-01-21 01:34:05]: Found total 0 matches
[2023-01-21 01:35:00]: Parser reload
[2023-01-21 01:35:05]: Found total 0 matches
[2023-01-21 01:36:00]: Parser reload
[2023-01-21 01:36:05]: Found total 0 matches
[2023-01-21 01:37:00]: Parser reload
[2023-01-21 01:37:05]: Found total 0 matches
[2023-01-21 01:38:00]: Parser reload
[2023-01-21 01:38:05]: Found total 0 matches
[2023-01-21 01:39:00]: Parser reload
[2023-01-21 01:39:05]: Found total 0 matches
[2023-01-21 01:40:00]: Parser reload
[2023-01-21 01:40:05]: Found total 0 matches
[2023-01-21 01:41:00]: Parser reload
[2023-01-21 01:41:05]: Found total 0 matches
[2023-01-21 01:42:00]: Parser reload
[2023-01-21 01:42:05]: Found total 0 matches
[2023-01-21 01:43:00]: Parser reload
[2023-01-21 01:43:05]: Found total 0 matches
[2023-01-21 01:44:00]: Parser reload
[2023-01-21 01:44:05]: Found total 0 matches
[2023-01-21 01:45:00]: Parser reload
[2023-01-21 01:45:05]: Found total 0 matches
[2023-01-21 01:46:00]: Parser reload
[2023-01-21 01:46:05]: Found total 0 matches
[2023-01-21 01:47:00]: Parser reload
[2023-01-21 01:47:05]: Found total 0 matches
[2023-01-21 01:48:00]: Parser reload
[2023-01-21 01:48:05]: Found total 0 matches
[2023-01-21 01:49:00]: Parser reload
[2023-01-21 01:49:05]: Found total 0 matches
[2023-01-21 01:50:00]: Parser reload
[2023-01-21 01:50:05]: Found total 0 matches
[2023-01-21 01:51:00]: Parser reload
[2023-01-21 01:51:05]: Found total 0 matches
[2023-01-21 01:52:00]: Parser reload
[2023-01-21 01:52:04]: Found total 6 matches
[2023-01-21 01:53:00]: Parser reload
[2023-01-21 01:53:04]: Found total 6 matches
[2023-01-21 01:54:00]: Parser reload
[2023-01-21 01:54:04]: Found total 6 matches
[2023-01-21 01:55:00]: Parser reload
[2023-01-21 01:55:05]: Found total 6 matches
[2023-01-21 01:56:00]: Parser reload
[2023-01-21 01:56:04]: Found total 6 matches
[2023-01-21 01:57:00]: Parser reload
[2023-01-21 01:57:05]: Found total 8 matches
[2023-01-21 01:58:00]: Parser reload
[2023-01-21 01:58:04]: Found total 8 matches
[2023-01-21 01:59:00]: Parser reload
[2023-01-21 01:59:05]: Found total 9 matches
[2023-01-21 02:00:00]: Parser reload
[2023-01-21 02:00:05]: Found total 9 matches
[2023-01-21 02:01:00]: Parser reload
[2023-01-21 02:01:05]: Found total 9 matches
[2023-01-21 02:02:00]: Parser reload
[2023-01-21 02:02:05]: Found total 9 matches
[2023-01-21 02:03:00]: Parser reload
[2023-01-21 02:03:05]: Found total 9 matches
[2023-01-21 02:04:00]: Parser reload
[2023-01-21 02:04:05]: Found total 9 matches
[2023-01-21 02:05:00]: Parser reload
[2023-01-21 02:05:05]: Found total 9 matches
[2023-01-21 02:06:00]: Parser reload
[2023-01-21 02:06:05]: Found total 9 matches
[2023-01-21 02:07:00]: Parser reload
[2023-01-21 02:07:05]: Found total 9 matches
[2023-01-21 02:08:00]: Parser reload
[2023-01-21 02:08:05]: Found total 9 matches
[2023-01-21 02:09:00]: Parser reload
[2023-01-21 02:09:05]: Found total 9 matches
[2023-01-21 02:10:00]: Parser reload
[2023-01-21 02:10:05]: Found total 9 matches
[2023-01-21 02:11:00]: Parser reload
[2023-01-21 02:11:05]: Found total 9 matches
[2023-01-21 02:12:00]: Parser reload
[2023-01-21 02:12:05]: Found total 9 matches
[2023-01-21 02:13:00]: Parser reload
[2023-01-21 02:13:05]: Found total 9 matches
[2023-01-21 02:14:00]: Parser reload
[2023-01-21 02:14:05]: Found total 9 matches
[2023-01-21 02:15:00]: Parser reload
[2023-01-21 02:15:05]: Found total 9 matches
[2023-01-21 02:16:00]: Parser reload
[2023-01-21 02:16:05]: Found total 9 matches
[2023-01-21 02:17:00]: Parser reload
[2023-01-21 02:17:05]: Found total 9 matches
[2023-01-21 02:18:00]: Parser reload
[2023-01-21 02:18:05]: Found total 9 matches
[2023-01-21 02:19:00]: Parser reload
[2023-01-21 02:19:05]: Found total 9 matches
[2023-01-21 02:20:00]: Parser reload
[2023-01-21 02:20:05]: Found total 9 matches
[2023-01-21 02:21:00]: Parser reload
[2023-01-21 02:21:05]: Found total 9 matches
[2023-01-21 02:22:00]: Parser reload
[2023-01-21 02:22:05]: Found total 10 matches
[2023-01-21 02:23:00]: Parser reload
[2023-01-21 02:23:05]: Found total 10 matches
[2023-01-21 02:24:00]: Parser reload
[2023-01-21 02:24:05]: Found total 10 matches
[2023-01-21 02:25:00]: Parser reload
[2023-01-21 02:25:05]: Found total 10 matches
[2023-01-21 02:26:00]: Parser reload
[2023-01-21 02:26:05]: Found total 10 matches
[2023-01-21 02:27:00]: Parser reload
[2023-01-21 02:27:05]: Found total 10 matches
[2023-01-21 02:28:00]: Parser reload
[2023-01-21 02:28:05]: Found total 10 matches
[2023-01-21 02:29:00]: Parser reload
[2023-01-21 02:29:05]: Found total 10 matches
[2023-01-21 02:30:00]: Parser reload
[2023-01-21 02:30:04]: Found total 10 matches
[2023-01-21 02:31:00]: Parser reload
[2023-01-21 02:31:05]: Found total 10 matches
[2023-01-21 02:32:00]: Parser reload
[2023-01-21 02:32:04]: Found total 10 matches
[2023-01-21 02:33:00]: Parser reload
[2023-01-21 02:33:05]: Found total 10 matches
[2023-01-21 02:34:00]: Parser reload
[2023-01-21 02:34:05]: Found total 10 matches
[2023-01-21 02:35:00]: Parser reload
[2023-01-21 02:35:05]: Found total 10 matches
[2023-01-21 02:36:00]: Parser reload
[2023-01-21 02:36:05]: Found total 10 matches
[2023-01-21 02:37:00]: Parser reload
[2023-01-21 02:37:05]: Found total 10 matches
[2023-01-21 02:38:00]: Parser reload
[2023-01-21 02:38:05]: Found total 10 matches
[2023-01-21 02:39:00]: Parser reload
[2023-01-21 02:39:05]: Found total 10 matches
[2023-01-21 02:40:00]: Parser reload
[2023-01-21 02:40:05]: Found total 10 matches
[2023-01-21 02:41:00]: Parser reload
[2023-01-21 02:41:05]: Found total 10 matches
[2023-01-21 02:42:00]: Parser reload
[2023-01-21 02:42:05]: Found total 10 matches
[2023-01-21 02:43:00]: Parser reload
[2023-01-21 02:43:04]: Found total 10 matches
[2023-01-21 02:44:00]: Parser reload
[2023-01-21 02:44:05]: Found total 10 matches
[2023-01-21 02:45:00]: Parser reload
[2023-01-21 02:45:04]: Found total 10 matches
[2023-01-21 02:46:00]: Parser reload
[2023-01-21 02:46:05]: Found total 10 matches
[2023-01-21 02:47:00]: Parser reload
[2023-01-21 02:47:05]: Found total 10 matches
[2023-01-21 02:48:00]: Parser reload
[2023-01-21 02:48:05]: Found total 10 matches
[2023-01-21 02:49:00]: Parser reload
[2023-01-21 02:49:05]: Found total 10 matches
[2023-01-21 02:50:00]: Parser reload
[2023-01-21 02:50:04]: Found total 10 matches
[2023-01-21 02:51:00]: Parser reload
[2023-01-21 02:51:06]: Found total 10 matches
[2023-01-21 02:52:00]: Parser reload
[2023-01-21 02:52:05]: Found total 12 matches
[2023-01-21 02:53:00]: Parser reload
[2023-01-21 02:53:05]: Found total 12 matches
[2023-01-21 02:54:00]: Parser reload
[2023-01-21 02:54:05]: Found total 12 matches
[2023-01-21 02:55:00]: Parser reload
[2023-01-21 02:55:05]: Found total 12 matches
[2023-01-21 02:56:00]: Parser reload
[2023-01-21 02:56:05]: Found total 12 matches
[2023-01-21 02:57:00]: Parser reload
[2023-01-21 02:57:04]: Found total 13 matches
[2023-01-21 02:58:00]: Parser reload
[2023-01-21 02:58:05]: Found total 13 matches
[2023-01-21 02:59:00]: Parser reload
[2023-01-21 02:59:05]: Found total 13 matches
[2023-01-21 02:59:14]: Found fit match: Bridgeport Islanders - Rochester Americans, 2 period, 5(25) minute, score: 0:0
[2023-01-21 02:59:20]: Found fit match: Hartford Wolf Pack - Providence Bruins, 2 period, 5(25) minute, score: 1:1
[2023-01-21 02:59:28]: Found fit match: Utica Comets - Syracuse Crunch, 2 period, 5(25) minute, score: 0:0
[2023-01-21 03:00:00]: Parser reload
[2023-01-21 03:00:05]: Found total 13 matches
[2023-01-21 03:00:12]: Found fit match: Hartford Wolf Pack - Providence Bruins, 2 period, 5(25) minute, score: 1:1
[2023-01-21 03:00:23]: Found fit match: Utica Comets - Syracuse Crunch, 2 period, 5(25) minute, score: 0:0
[2023-01-21 03:01:00]: Parser reload
[2023-01-21 03:01:06]: Found total 13 matches
[2023-01-21 03:02:00]: Parser reload
[2023-01-21 03:02:05]: Found total 13 matches
[2023-01-21 03:03:00]: Parser reload
[2023-01-21 03:03:05]: Found total 13 matches
[2023-01-21 03:03:14]: Found fit match: Indy Fuel - Cincinnati, 2 period, 5(25) minute, score: 1:0
[2023-01-21 03:04:00]: Parser reload
[2023-01-21 03:04:05]: Found total 13 matches
[2023-01-21 03:04:13]: Found fit match: Indy Fuel - Cincinnati, 2 period, 5(25) minute, score: 1:0
[2023-01-21 03:05:00]: Parser reload
[2023-01-21 03:05:06]: Found total 13 matches
[2023-01-21 03:06:00]: Parser reload
[2023-01-21 03:06:05]: Found total 13 matches
[2023-01-21 03:06:11]: Found fit match: Wilkes-Barre Penguins - Lehigh Valley Phantoms, 2 period, 5(25) minute, score: 1:1
[2023-01-21 03:07:00]: Parser reload
[2023-01-21 03:07:05]: Found total 13 matches
[2023-01-21 03:07:11]: Found fit match: Belleville Senators - Toronto Marlies, 2 period, 5(25) minute, score: 1:2
[2023-01-21 03:08:00]: Parser reload
[2023-01-21 03:08:05]: Found total 13 matches
[2023-01-21 03:09:00]: Parser reload
[2023-01-21 03:09:06]: Found total 13 matches
[2023-01-21 03:09:22]: Found fit match: Pittsburgh Penguins - Ottawa Senators, 2 period, 5(25) minute, score: 2:0
[2023-01-21 03:10:00]: Parser reload
[2023-01-21 03:10:05]: Found total 13 matches
[2023-01-21 03:11:00]: Parser reload
[2023-01-21 03:11:05]: Found total 13 matches
[2023-01-21 03:12:00]: Parser reload
[2023-01-21 03:12:05]: Found total 13 matches
[2023-01-21 03:13:00]: Parser reload
[2023-01-21 03:13:05]: Found total 13 matches
[2023-01-21 03:14:00]: Parser reload
[2023-01-21 03:14:05]: Found total 13 matches
[2023-01-21 03:15:00]: Parser reload
[2023-01-21 03:15:05]: Found total 13 matches
[2023-01-21 03:16:00]: Parser reload
[2023-01-21 03:16:06]: Found total 13 matches
[2023-01-21 03:17:00]: Parser reload
[2023-01-21 03:17:06]: Found total 13 matches
[2023-01-21 03:17:13]: Found fit match: Laval Rocket - Hershey Bears, 2 period, 5(25) minute, score: 0:2
[2023-01-21 03:18:00]: Parser reload
[2023-01-21 03:18:05]: Found total 13 matches
[2023-01-21 03:18:12]: Found fit match: Laval Rocket - Hershey Bears, 2 period, 5(25) minute, score: 0:2
[2023-01-21 03:19:00]: Parser reload
[2023-01-21 03:19:05]: Found total 13 matches
[2023-01-21 03:19:11]: Found fit match: Laval Rocket - Hershey Bears, 2 period, 5(25) minute, score: 0:2
[2023-01-21 03:20:00]: Parser reload
[2023-01-21 03:20:05]: Found total 13 matches
[2023-01-21 03:21:00]: Parser reload
[2023-01-21 03:21:05]: Found total 13 matches
[2023-01-21 03:22:00]: Parser reload
[2023-01-21 03:22:06]: Found total 13 matches
[2023-01-21 03:23:00]: Parser reload
[2023-01-21 03:23:06]: Found total 13 matches
[2023-01-21 03:24:00]: Parser reload
[2023-01-21 03:24:05]: Found total 13 matches
[2023-01-21 03:25:00]: Parser reload
[2023-01-21 03:25:05]: Found total 13 matches
[2023-01-21 03:26:00]: Parser reload
[2023-01-21 03:26:05]: Found total 13 matches
[2023-01-21 03:27:00]: Parser reload
[2023-01-21 03:27:05]: Found total 13 matches
[2023-01-21 03:28:00]: Parser reload
[2023-01-21 03:28:06]: Found total 13 matches
[2023-01-21 03:29:00]: Parser reload
[2023-01-21 03:29:05]: Found total 13 matches
[2023-01-21 03:30:00]: Parser reload
[2023-01-21 03:30:06]: Found total 13 matches
[2023-01-21 03:31:00]: Parser reload
[2023-01-21 03:31:05]: Found total 13 matches
[2023-01-21 03:32:00]: Parser reload
[2023-01-21 03:32:05]: Found total 13 matches
[2023-01-21 03:33:00]: Parser reload
[2023-01-21 03:33:05]: Found total 13 matches
[2023-01-21 03:34:00]: Parser reload
[2023-01-21 03:34:06]: Found total 13 matches
[2023-01-21 03:35:00]: Parser reload
[2023-01-21 03:35:07]: Found total 13 matches
[2023-01-21 03:35:15]: Found fit match: Florida Everblades - Savannah Ghost Pirates, 2 period, 5(25) minute, score: 3:1
[2023-01-21 03:36:00]: Parser reload
[2023-01-21 03:36:05]: Found total 13 matches
[2023-01-21 03:37:00]: Parser reload
[2023-01-21 03:37:05]: Found total 13 matches
[2023-01-21 03:38:00]: Parser reload
[2023-01-21 03:38:05]: Found total 13 matches
[2023-01-21 03:39:00]: Parser reload
[2023-01-21 03:39:06]: Found total 13 matches
[2023-01-21 03:40:00]: Parser reload
[2023-01-21 03:40:06]: Found total 13 matches
[2023-01-21 03:41:00]: Parser reload
[2023-01-21 03:41:05]: Found total 13 matches
[2023-01-21 03:42:00]: Parser reload
[2023-01-21 03:42:05]: Found total 13 matches
[2023-01-21 03:43:00]: Parser reload
[2023-01-21 03:43:05]: Found total 13 matches
[2023-01-21 03:44:00]: Parser reload
[2023-01-21 03:44:05]: Found total 13 matches
[2023-01-21 03:45:00]: Parser reload
[2023-01-21 03:45:05]: Found total 13 matches
[2023-01-21 03:46:00]: Parser reload
[2023-01-21 03:46:05]: Found total 13 matches
[2023-01-21 03:47:00]: Parser reload
[2023-01-21 03:47:06]: Found total 13 matches
[2023-01-21 03:48:00]: Parser reload
[2023-01-21 03:48:06]: Found total 13 matches
[2023-01-21 03:49:00]: Parser reload
[2023-01-21 03:49:05]: Found total 13 matches
[2023-01-21 03:50:00]: Parser reload
[2023-01-21 03:50:05]: Found total 13 matches
[2023-01-21 03:51:00]: Parser reload
[2023-01-21 03:51:05]: Found total 13 matches
[2023-01-21 03:52:00]: Parser reload
[2023-01-21 03:52:05]: Found total 14 matches
[2023-01-21 03:53:00]: Parser reload
[2023-01-21 03:53:05]: Found total 14 matches
[2023-01-21 03:54:00]: Parser reload
[2023-01-21 03:54:06]: Found total 14 matches
[2023-01-21 03:55:00]: Parser reload
[2023-01-21 03:55:05]: Found total 14 matches
[2023-01-21 03:56:00]: Parser reload
[2023-01-21 03:56:06]: Found total 14 matches
[2023-01-21 03:57:00]: Parser reload
[2023-01-21 03:57:05]: Found total 15 matches
[2023-01-21 03:58:00]: Parser reload
[2023-01-21 03:58:05]: Found total 15 matches
[2023-01-21 03:59:00]: Parser reload
[2023-01-21 03:59:05]: Found total 15 matches
[2023-01-21 04:00:00]: Parser reload
[2023-01-21 04:00:06]: Found total 15 matches
[2023-01-21 04:01:00]: Parser reload
[2023-01-21 04:01:05]: Found total 15 matches
[2023-01-21 04:02:00]: Parser reload
[2023-01-21 04:02:05]: Found total 15 matches
[2023-01-21 04:03:00]: Parser reload
[2023-01-21 04:03:05]: Found total 15 matches
[2023-01-21 04:03:12]: Found fit match: Tulsa Oilers - Utah, 2 period, 5(25) minute, score: 0:0
[2023-01-21 04:04:00]: Parser reload
[2023-01-21 04:04:06]: Found total 15 matches
[2023-01-21 04:04:12]: Found fit match: Tulsa Oilers - Utah, 2 period, 5(25) minute, score: 0:0
[2023-01-21 04:05:00]: Parser reload
[2023-01-21 04:05:06]: Found total 15 matches
[2023-01-21 04:06:00]: Parser reload
[2023-01-21 04:06:05]: Found total 15 matches
[2023-01-21 04:07:00]: Parser reload
[2023-01-21 04:07:06]: Found total 15 matches
[2023-01-21 04:08:00]: Parser reload
[2023-01-21 04:08:05]: Found total 15 matches
[2023-01-21 04:09:00]: Parser reload
[2023-01-21 04:09:06]: Found total 15 matches
[2023-01-21 04:09:13]: Found fit match: Iowa Wild - Milwaukee Admirals, 2 period, 5(25) minute, score: 1:0
[2023-01-21 04:10:00]: Parser reload
[2023-01-21 04:10:06]: Found total 15 matches
[2023-01-21 04:10:12]: Found fit match: Iowa Wild - Milwaukee Admirals, 2 period, 5(25) minute, score: 1:0
[2023-01-21 04:11:00]: Parser reload
[2023-01-21 04:11:05]: Found total 15 matches
[2023-01-21 04:11:12]: Found fit match: Iowa Wild - Milwaukee Admirals, 2 period, 5(25) minute, score: 1:0
[2023-01-21 04:11:18]: Found fit match: Rockford IceHogs - Springfield Thunderbirds, 2 period, 5(25) minute, score: 1:3
[2023-01-21 04:12:00]: Parser reload
[2023-01-21 04:12:05]: Found total 15 matches
[2023-01-21 04:12:12]: Found fit match: Rockford IceHogs - Springfield Thunderbirds, 2 period, 5(25) minute, score: 1:3
[2023-01-21 04:13:00]: Parser reload
[2023-01-21 04:13:06]: Found total 15 matches
[2023-01-21 04:14:00]: Parser reload
[2023-01-21 04:14:05]: Found total 15 matches
[2023-01-21 04:15:00]: Parser reload
[2023-01-21 04:15:05]: Found total 15 matches
[2023-01-21 04:16:00]: Parser reload
[2023-01-21 04:16:05]: Found total 15 matches
[2023-01-21 04:17:00]: Parser reload
[2023-01-21 04:17:06]: Found total 15 matches
[2023-01-21 04:18:00]: Parser reload
[2023-01-21 04:18:09]: Found total 15 matches
[2023-01-21 04:19:00]: Parser reload
[2023-01-21 04:19:05]: Found total 15 matches
[2023-01-21 04:20:00]: Parser reload
[2023-01-21 04:20:06]: Found total 15 matches
[2023-01-21 04:21:00]: Parser reload
[2023-01-21 04:21:06]: Found total 15 matches
[2023-01-21 04:22:00]: Parser reload
[2023-01-21 04:22:06]: Found total 15 matches
[2023-01-21 04:23:00]: Parser reload
[2023-01-21 04:23:06]: Found total 15 matches
[2023-01-21 04:24:00]: Parser reload
[2023-01-21 04:24:05]: Found total 15 matches
[2023-01-21 04:25:00]: Parser reload
[2023-01-21 04:25:05]: Found total 15 matches
[2023-01-21 04:26:00]: Parser reload
[2023-01-21 04:26:06]: Found total 14 matches
[2023-01-21 04:27:00]: Parser reload
[2023-01-21 04:27:05]: Found total 14 matches
[2023-01-21 04:28:00]: Parser reload
[2023-01-21 04:28:06]: Found total 14 matches
[2023-01-21 04:29:00]: Parser reload
[2023-01-21 04:29:06]: Found total 14 matches
[2023-01-21 04:30:00]: Parser reload
[2023-01-21 04:30:06]: Found total 14 matches
[2023-01-21 04:31:00]: Parser reload
[2023-01-21 04:31:06]: Found total 13 matches
[2023-01-21 04:32:00]: Parser reload
[2023-01-21 04:32:06]: Found total 11 matches
[2023-01-21 04:33:00]: Parser reload
[2023-01-21 04:33:06]: Found total 11 matches
[2023-01-21 04:34:00]: Parser reload
[2023-01-21 04:34:05]: Found total 11 matches
[2023-01-21 04:35:00]: Parser reload
[2023-01-21 04:35:05]: Found total 10 matches
[2023-01-21 04:36:00]: Parser reload
[2023-01-21 04:36:05]: Found total 10 matches
[2023-01-21 04:37:00]: Parser reload
[2023-01-21 04:37:06]: Found total 10 matches
[2023-01-21 04:38:00]: Parser reload
[2023-01-21 04:38:05]: Found total 10 matches
[2023-01-21 04:39:00]: Parser reload
[2023-01-21 04:39:06]: Found total 10 matches
[2023-01-21 04:40:00]: Parser reload
[2023-01-21 04:40:06]: Found total 10 matches
[2023-01-21 04:41:00]: Parser reload
[2023-01-21 04:41:06]: Found total 9 matches
[2023-01-21 04:42:00]: Parser reload
[2023-01-21 04:42:06]: Found total 9 matches
[2023-01-21 04:43:00]: Parser reload
[2023-01-21 04:43:05]: Found total 8 matches
[2023-01-21 04:44:00]: Parser reload
[2023-01-21 04:44:05]: Found total 8 matches
[2023-01-21 04:45:00]: Parser reload
[2023-01-21 04:45:05]: Found total 8 matches
[2023-01-21 04:46:00]: Parser reload
[2023-01-21 04:46:04]: Found total 8 matches
[2023-01-21 04:47:00]: Parser reload
[2023-01-21 04:47:05]: Found total 8 matches
[2023-01-21 04:48:00]: Parser reload
[2023-01-21 04:48:05]: Found total 8 matches
[2023-01-21 04:49:00]: Parser reload
[2023-01-21 04:49:05]: Found total 8 matches
[2023-01-21 04:50:00]: Parser reload
[2023-01-21 04:50:04]: Found total 8 matches
[2023-01-21 04:51:00]: Parser reload
[2023-01-21 04:51:04]: Found total 7 matches
[2023-01-21 04:52:00]: Parser reload
[2023-01-21 04:52:05]: Found total 11 matches
[2023-01-21 04:53:00]: Parser reload
[2023-01-21 04:53:05]: Found total 11 matches
[2023-01-21 04:54:00]: Parser reload
[2023-01-21 04:54:05]: Found total 11 matches
[2023-01-21 04:55:00]: Parser reload
[2023-01-21 04:55:05]: Found total 11 matches
[2023-01-21 04:56:00]: Parser reload
[2023-01-21 04:56:05]: Found total 11 matches
[2023-01-21 04:57:00]: Parser reload
[2023-01-21 04:57:05]: Found total 11 matches
[2023-01-21 04:58:00]: Parser reload
[2023-01-21 04:58:05]: Found total 10 matches
[2023-01-21 04:59:00]: Parser reload
[2023-01-21 04:59:05]: Found total 11 matches
[2023-01-21 05:00:00]: Parser reload
[2023-01-21 05:00:06]: Found total 10 matches
[2023-01-21 05:01:00]: Parser reload
[2023-01-21 05:01:05]: Found total 10 matches
[2023-01-21 05:02:00]: Parser reload
[2023-01-21 05:02:05]: Found total 10 matches
[2023-01-21 05:03:00]: Parser reload
[2023-01-21 05:03:05]: Found total 10 matches
[2023-01-21 05:04:00]: Parser reload
[2023-01-21 05:04:05]: Found total 10 matches
[2023-01-21 05:05:00]: Parser reload
[2023-01-21 05:05:05]: Found total 10 matches
[2023-01-21 05:06:00]: Parser reload
[2023-01-21 05:06:05]: Found total 10 matches
[2023-01-21 05:07:00]: Parser reload
[2023-01-21 05:07:05]: Found total 10 matches
[2023-01-21 05:08:00]: Parser reload
[2023-01-21 05:08:05]: Found total 10 matches
[2023-01-21 05:09:00]: Parser reload
[2023-01-21 05:09:05]: Found total 10 matches
[2023-01-21 05:09:12]: Found fit match: Tucson Roadrunners - Bakersfield Condors, 2 period, 5(25) minute, score: 3:1
[2023-01-21 05:09:19]: Found fit match: Rapid City Rush - Idaho Steelheads, 2 period, 5(25) minute, score: 1:2
[2023-01-21 05:10:00]: Parser reload
[2023-01-21 05:10:05]: Found total 10 matches
[2023-01-21 05:10:11]: Found fit match: Tucson Roadrunners - Bakersfield Condors, 2 period, 5(25) minute, score: 3:1
[2023-01-21 05:11:00]: Parser reload
[2023-01-21 05:11:05]: Found total 10 matches
[2023-01-21 05:11:11]: Found fit match: Tucson Roadrunners - Bakersfield Condors, 2 period, 5(25) minute, score: 3:1
[2023-01-21 05:12:00]: Parser reload
[2023-01-21 05:12:05]: Found total 10 matches
[2023-01-21 05:13:00]: Parser reload
[2023-01-21 05:13:05]: Found total 10 matches
[2023-01-21 05:14:00]: Parser reload
[2023-01-21 05:14:05]: Found total 10 matches
[2023-01-21 05:15:00]: Parser reload
[2023-01-21 05:15:06]: Found total 10 matches
[2023-01-21 05:16:00]: Parser reload
[2023-01-21 05:16:05]: Found total 10 matches
[2023-01-21 05:17:00]: Parser reload
[2023-01-21 05:17:05]: Found total 10 matches
[2023-01-21 05:18:00]: Parser reload
[2023-01-21 05:18:05]: Found total 10 matches
[2023-01-21 05:19:00]: Parser reload
[2023-01-21 05:19:05]: Found total 10 matches
[2023-01-21 05:20:00]: Parser reload
[2023-01-21 05:20:05]: Found total 10 matches
[2023-01-21 05:21:00]: Parser reload
[2023-01-21 05:21:05]: Found total 10 matches
[2023-01-21 05:22:00]: Parser reload
[2023-01-21 05:22:05]: Found total 11 matches
[2023-01-21 05:23:00]: Parser reload
[2023-01-21 05:23:05]: Found total 11 matches
[2023-01-21 05:24:00]: Parser reload
[2023-01-21 05:24:05]: Found total 11 matches
[2023-01-21 05:25:00]: Parser reload
[2023-01-21 05:25:05]: Found total 11 matches
[2023-01-21 05:26:00]: Parser reload
[2023-01-21 05:26:05]: Found total 11 matches
[2023-01-21 05:27:00]: Parser reload
[2023-01-21 05:27:05]: Found total 11 matches
[2023-01-21 05:28:00]: Parser reload
[2023-01-21 05:28:05]: Found total 11 matches
[2023-01-21 05:29:00]: Parser reload
[2023-01-21 05:29:05]: Found total 10 matches
[2023-01-21 05:30:00]: Parser reload
[2023-01-21 05:30:05]: Found total 10 matches
[2023-01-21 05:31:00]: Parser reload
[2023-01-21 05:31:05]: Found total 10 matches
[2023-01-21 05:32:00]: Parser reload
[2023-01-21 05:32:05]: Found total 10 matches
[2023-01-21 05:33:00]: Parser reload
[2023-01-21 05:33:05]: Found total 10 matches
[2023-01-21 05:34:00]: Parser reload
[2023-01-21 05:34:05]: Found total 10 matches
[2023-01-21 05:35:00]: Parser reload
[2023-01-21 05:35:05]: Found total 10 matches
[2023-01-21 05:36:00]: Parser reload
[2023-01-21 05:36:05]: Found total 10 matches
[2023-01-21 05:37:00]: Parser reload
[2023-01-21 05:37:05]: Found total 10 matches
[2023-01-21 05:38:00]: Parser reload
[2023-01-21 05:38:05]: Found total 10 matches
[2023-01-21 05:39:00]: Parser reload
[2023-01-21 05:39:05]: Found total 10 matches
[2023-01-21 05:40:00]: Parser reload
[2023-01-21 05:40:05]: Found total 10 matches
[2023-01-21 05:41:00]: Parser reload
[2023-01-21 05:41:05]: Found total 10 matches
[2023-01-21 05:42:00]: Parser reload
[2023-01-21 05:42:05]: Found total 10 matches
[2023-01-21 05:43:00]: Parser reload
[2023-01-21 05:43:05]: Found total 9 matches
[2023-01-21 05:44:00]: Parser reload
[2023-01-21 05:44:05]: Found total 9 matches
[2023-01-21 05:45:00]: Parser reload
[2023-01-21 05:45:05]: Found total 9 matches
[2023-01-21 05:46:00]: Parser reload
[2023-01-21 05:46:05]: Found total 9 matches
[2023-01-21 05:47:00]: Parser reload
[2023-01-21 05:47:05]: Found total 8 matches
[2023-01-21 05:48:00]: Parser reload
[2023-01-21 05:48:05]: Found total 8 matches
[2023-01-21 05:49:00]: Parser reload
[2023-01-21 05:49:05]: Found total 8 matches
[2023-01-21 05:50:00]: Parser reload
[2023-01-21 05:50:05]: Found total 8 matches
[2023-01-21 05:51:00]: Parser reload
[2023-01-21 05:51:05]: Found total 8 matches
[2023-01-21 05:52:00]: Parser reload
[2023-01-21 05:52:05]: Found total 8 matches
[2023-01-21 05:53:00]: Parser reload
[2023-01-21 05:53:05]: Found total 8 matches
[2023-01-21 05:54:00]: Parser reload
[2023-01-21 05:54:05]: Found total 8 matches
[2023-01-21 05:55:00]: Parser reload
[2023-01-21 05:55:05]: Found total 8 matches
[2023-01-21 05:56:00]: Parser reload
[2023-01-21 05:56:04]: Found total 8 matches
[2023-01-21 05:57:00]: Parser reload
[2023-01-21 05:57:05]: Found total 8 matches
[2023-01-21 05:58:00]: Parser reload
[2023-01-21 05:58:05]: Found total 8 matches
[2023-01-21 05:59:00]: Parser reload
[2023-01-21 05:59:05]: Found total 8 matches
[2023-01-21 06:00:00]: Parser reload
[2023-01-21 06:00:05]: Found total 8 matches
[2023-01-21 06:01:00]: Parser reload
[2023-01-21 06:01:05]: Found total 8 matches
[2023-01-21 06:02:00]: Parser reload
[2023-01-21 06:02:05]: Found total 8 matches
[2023-01-21 06:03:00]: Parser reload
[2023-01-21 06:03:05]: Found total 8 matches
[2023-01-21 06:03:11]: Found fit match: Portland Winterhawks Jun - Victoria Royals Jun, 2 period, 5(25) minute, score: 2:2
[2023-01-21 06:04:00]: Parser reload
[2023-01-21 06:04:05]: Found total 8 matches
[2023-01-21 06:04:11]: Found fit match: Portland Winterhawks Jun - Victoria Royals Jun, 2 period, 5(25) minute, score: 2:2
[2023-01-21 06:05:00]: Parser reload
[2023-01-21 06:05:06]: Found total 8 matches
[2023-01-21 06:05:12]: Found fit match: Kamloops Blazers Jun - Tri-City Americans Jun, 2 period, 5(25) minute, score: 2:2
[2023-01-21 06:06:00]: Parser reload
[2023-01-21 06:06:05]: Found total 8 matches
[2023-01-21 06:06:12]: Found fit match: San Jose Barracuda - San Diego Gulls, 2 period, 5(25) minute, score: 2:0
[2023-01-21 06:07:00]: Parser reload
[2023-01-21 06:07:05]: Found total 8 matches
[2023-01-21 06:07:11]: Found fit match: San Jose Barracuda - San Diego Gulls, 2 period, 5(25) minute, score: 2:0
[2023-01-21 06:08:00]: Parser reload
[2023-01-21 06:08:05]: Found total 8 matches
[2023-01-21 06:08:21]: Found fit match: Vancouver Canucks - Colorado Avalanche, 2 period, 5(25) minute, score: 0:2
[2023-01-21 06:09:00]: Parser reload
[2023-01-21 06:09:05]: Found total 8 matches
[2023-01-21 06:09:20]: Found fit match: Vancouver Canucks - Colorado Avalanche, 2 period, 5(25) minute, score: 0:2
[2023-01-21 06:10:00]: Parser reload
[2023-01-21 06:10:05]: Found total 8 matches
[2023-01-21 06:11:00]: Parser reload
[2023-01-21 06:11:05]: Found total 8 matches
[2023-01-21 06:12:00]: Parser reload
[2023-01-21 06:12:05]: Found total 8 matches
[2023-01-21 06:12:12]: Found fit match: Abbotsford - Calgary Wranglers, 2 period, 5(25) minute, score: 3:1
[2023-01-21 06:13:00]: Parser reload
[2023-01-21 06:13:05]: Found total 8 matches
[2023-01-21 06:14:00]: Parser reload
[2023-01-21 06:14:05]: Found total 8 matches
[2023-01-21 06:15:00]: Parser reload
[2023-01-21 06:15:05]: Found total 8 matches
[2023-01-21 06:16:00]: Parser reload
[2023-01-21 06:16:05]: Found total 8 matches
[2023-01-21 06:17:00]: Parser reload
[2023-01-21 06:17:05]: Found total 8 matches
[2023-01-21 06:18:00]: Parser reload
[2023-01-21 06:18:05]: Found total 8 matches
[2023-01-21 06:19:00]: Parser reload
[2023-01-21 06:19:05]: Found total 8 matches
[2023-01-21 06:20:00]: Parser reload
[2023-01-21 06:20:05]: Found total 8 matches
[2023-01-21 06:21:00]: Parser reload
[2023-01-21 06:21:05]: Found total 8 matches
[2023-01-21 06:22:00]: Parser reload
[2023-01-21 06:22:05]: Found total 8 matches
[2023-01-21 06:23:00]: Parser reload
[2023-01-21 06:23:05]: Found total 8 matches
[2023-01-21 06:24:00]: Parser reload
[2023-01-21 06:24:05]: Found total 8 matches
[2023-01-21 06:25:00]: Parser reload
[2023-01-21 06:25:05]: Found total 8 matches
[2023-01-21 06:26:00]: Parser reload
[2023-01-21 06:26:06]: Found total 8 matches
[2023-01-21 06:27:00]: Parser reload
[2023-01-21 06:27:05]: Found total 8 matches
[2023-01-21 06:28:00]: Parser reload
[2023-01-21 06:28:05]: Found total 8 matches
[2023-01-21 06:29:00]: Parser reload
[2023-01-21 06:29:05]: Found total 8 matches
[2023-01-21 06:30:00]: Parser reload
[2023-01-21 06:30:06]: Found total 8 matches
[2023-01-21 06:31:00]: Parser reload
[2023-01-21 06:31:05]: Found total 8 matches
[2023-01-21 06:32:00]: Parser reload
[2023-01-21 06:32:05]: Found total 7 matches
[2023-01-21 06:33:00]: Parser reload
[2023-01-21 06:33:05]: Found total 7 matches
[2023-01-21 06:33:12]: Found fit match: Vancouver Giants Jun - Kelowna Rockets Jun, 2 period, 5(25) minute, score: 0:1
[2023-01-21 06:34:00]: Parser reload
[2023-01-21 06:34:05]: Found total 7 matches
[2023-01-21 06:35:00]: Parser reload
[2023-01-21 06:35:05]: Found total 7 matches
[2023-01-21 06:36:00]: Parser reload
[2023-01-21 06:36:05]: Found total 7 matches
[2023-01-21 06:37:00]: Parser reload
[2023-01-21 06:37:05]: Found total 7 matches
[2023-01-21 06:38:00]: Parser reload
[2023-01-21 06:38:06]: Found total 7 matches
[2023-01-21 06:39:00]: Parser reload
[2023-01-21 06:39:05]: Found total 7 matches
[2023-01-21 06:40:00]: Parser reload
[2023-01-21 06:40:05]: Found total 7 matches
[2023-01-21 06:41:00]: Parser reload
[2023-01-21 06:41:05]: Found total 7 matches
[2023-01-21 06:42:00]: Parser reload
[2023-01-21 06:42:05]: Found total 7 matches
[2023-01-21 06:43:00]: Parser reload
[2023-01-21 06:43:06]: Found total 7 matches
[2023-01-21 06:44:00]: Parser reload
[2023-01-21 06:44:05]: Found total 7 matches
[2023-01-21 06:45:00]: Parser reload
[2023-01-21 06:45:05]: Found total 7 matches
[2023-01-21 06:46:00]: Parser reload
[2023-01-21 06:46:06]: Found total 6 matches
[2023-01-21 06:47:00]: Parser reload
[2023-01-21 06:47:06]: Found total 6 matches
[2023-01-21 06:48:00]: Parser reload
[2023-01-21 06:48:06]: Found total 6 matches
[2023-01-21 06:49:00]: Parser reload
[2023-01-21 06:49:05]: Found total 6 matches
[2023-01-21 06:50:00]: Parser reload
[2023-01-21 06:50:05]: Found total 6 matches
[2023-01-21 06:51:00]: Parser reload
[2023-01-21 06:51:05]: Found total 6 matches
[2023-01-21 06:52:00]: Parser reload
[2023-01-21 06:52:05]: Found total 6 matches
[2023-01-21 06:53:00]: Parser reload
[2023-01-21 06:53:04]: Found total 6 matches
[2023-01-21 06:54:00]: Parser reload
[2023-01-21 06:54:05]: Found total 6 matches
[2023-01-21 06:55:00]: Parser reload
[2023-01-21 06:55:04]: Found total 6 matches
[2023-01-21 06:56:00]: Parser reload
[2023-01-21 06:56:04]: Found total 6 matches
[2023-01-21 06:57:00]: Parser reload
[2023-01-21 06:57:04]: Found total 6 matches
[2023-01-21 06:58:00]: Parser reload
[2023-01-21 06:58:05]: Found total 6 matches
[2023-01-21 06:59:00]: Parser reload
[2023-01-21 06:59:04]: Found total 6 matches
[2023-01-21 07:00:00]: Parser reload
[2023-01-21 07:00:04]: Found total 6 matches
[2023-01-21 07:01:00]: Parser reload
[2023-01-21 07:01:05]: Found total 6 matches
[2023-01-21 07:02:00]: Parser reload
[2023-01-21 07:02:04]: Found total 6 matches
[2023-01-21 07:03:00]: Parser reload
[2023-01-21 07:03:05]: Found total 6 matches
[2023-01-21 07:04:00]: Parser reload
[2023-01-21 07:04:05]: Found total 6 matches
[2023-01-21 07:05:00]: Parser reload
[2023-01-21 07:05:05]: Found total 6 matches
[2023-01-21 07:06:00]: Parser reload
[2023-01-21 07:06:05]: Found total 6 matches
[2023-01-21 07:07:00]: Parser reload
[2023-01-21 07:07:05]: Found total 6 matches
[2023-01-21 07:08:00]: Parser reload
[2023-01-21 07:08:05]: Found total 6 matches
[2023-01-21 07:09:00]: Parser reload
[2023-01-21 07:09:05]: Found total 6 matches
[2023-01-21 07:10:00]: Parser reload
[2023-01-21 07:10:04]: Found total 6 matches
[2023-01-21 07:11:00]: Parser reload
[2023-01-21 07:11:05]: Found total 6 matches
[2023-01-21 07:12:00]: Parser reload
[2023-01-21 07:12:04]: Found total 6 matches
[2023-01-21 07:13:00]: Parser reload
[2023-01-21 07:13:05]: Found total 6 matches
[2023-01-21 07:14:00]: Parser reload
[2023-01-21 07:14:05]: Found total 6 matches
[2023-01-21 07:15:00]: Parser reload
[2023-01-21 07:15:05]: Found total 6 matches
[2023-01-21 07:16:00]: Parser reload
[2023-01-21 07:16:04]: Found total 6 matches
[2023-01-21 07:17:00]: Parser reload
[2023-01-21 07:17:05]: Found total 6 matches
[2023-01-21 07:18:00]: Parser reload
[2023-01-21 07:18:04]: Found total 6 matches
[2023-01-21 07:19:00]: Parser reload
[2023-01-21 07:19:04]: Found total 6 matches
[2023-01-21 07:20:00]: Parser reload
[2023-01-21 07:20:04]: Found total 6 matches
[2023-01-21 07:21:00]: Parser reload
[2023-01-21 07:21:05]: Found total 6 matches
[2023-01-21 07:22:00]: Parser reload
[2023-01-21 07:22:05]: Found total 6 matches
[2023-01-21 07:23:00]: Parser reload
[2023-01-21 07:23:05]: Found total 6 matches
[2023-01-21 07:24:00]: Parser reload
[2023-01-21 07:24:05]: Found total 6 matches
[2023-01-21 07:25:00]: Parser reload
[2023-01-21 07:25:04]: Found total 6 matches
[2023-01-21 07:26:00]: Parser reload
[2023-01-21 07:26:04]: Found total 6 matches
[2023-01-21 07:27:00]: Parser reload
[2023-01-21 07:27:06]: Found total 6 matches
[2023-01-21 07:28:00]: Parser reload
[2023-01-21 07:28:04]: Found total 6 matches
[2023-01-21 07:29:00]: Parser reload
[2023-01-21 07:29:04]: Found total 6 matches
[2023-01-21 07:30:00]: Parser reload
[2023-01-21 07:30:05]: Found total 6 matches
[2023-01-21 07:31:00]: Parser reload
[2023-01-21 07:31:05]: Found total 6 matches
[2023-01-21 07:32:00]: Parser reload
[2023-01-21 07:32:05]: Found total 6 matches
[2023-01-21 07:33:00]: Parser reload
[2023-01-21 07:33:05]: Found total 6 matches
[2023-01-21 07:34:00]: Parser reload
[2023-01-21 07:34:05]: Found total 6 matches
[2023-01-21 07:35:00]: Parser reload
[2023-01-21 07:35:05]: Found total 6 matches
[2023-01-21 07:36:00]: Parser reload
[2023-01-21 07:36:05]: Found total 5 matches
[2023-01-21 07:37:00]: Parser reload
[2023-01-21 07:37:05]: Found total 3 matches
[2023-01-21 07:38:00]: Parser reload
[2023-01-21 07:38:04]: Found total 3 matches
[2023-01-21 07:39:00]: Parser reload
[2023-01-21 07:39:05]: Found total 3 matches
[2023-01-21 07:40:00]: Parser reload
[2023-01-21 07:40:05]: Found total 2 matches
[2023-01-21 07:41:00]: Parser reload
[2023-01-21 07:41:05]: Found total 2 matches
[2023-01-21 07:42:00]: Parser reload
[2023-01-21 07:42:04]: Found total 2 matches
[2023-01-21 07:43:00]: Parser reload
[2023-01-21 07:43:04]: Found total 2 matches
[2023-01-21 07:44:00]: Parser reload
[2023-01-21 07:44:05]: Found total 2 matches
[2023-01-21 07:45:00]: Parser reload
[2023-01-21 07:45:06]: Found total 2 matches
[2023-01-21 07:46:00]: Parser reload
[2023-01-21 07:46:04]: Found total 1 matches
[2023-01-21 07:47:00]: Parser reload
[2023-01-21 07:47:04]: Found total 1 matches
[2023-01-21 07:48:00]: Parser reload
[2023-01-21 07:48:04]: Found total 1 matches
[2023-01-21 07:49:00]: Parser reload
[2023-01-21 07:49:04]: Found total 1 matches
[2023-01-21 07:50:00]: Parser reload
[2023-01-21 07:50:08]: Found total 1 matches
[2023-01-21 07:51:00]: Parser reload
[2023-01-21 07:51:06]: Found total 1 matches
[2023-01-21 07:52:00]: Parser reload
[2023-01-21 07:52:04]: Found total 2 matches
[2023-01-21 07:53:00]: Parser reload
[2023-01-21 07:53:04]: Found total 2 matches
[2023-01-21 07:54:00]: Parser reload
[2023-01-21 07:54:04]: Found total 2 matches
[2023-01-21 07:55:00]: Parser reload
[2023-01-21 07:55:04]: Found total 2 matches
[2023-01-21 07:56:00]: Parser reload
[2023-01-21 07:57:00]: Parser reload
[2023-01-21 07:58:00]: Parser reload
[2023-01-21 07:59:00]: Parser reload
[2023-01-21 08:00:00]: Parser reload
[2023-01-21 08:01:00]: Parser reload
[2023-01-21 08:02:00]: Parser reload
[2023-01-21 08:03:00]: Parser reload
[2023-01-21 08:04:00]: Parser reload
[2023-01-21 08:05:00]: Parser reload
[2023-01-21 08:06:00]: Parser reload
[2023-01-21 08:07:00]: Parser reload
[2023-01-21 08:08:00]: Parser reload
[2023-01-21 08:09:00]: Parser reload
[2023-01-21 08:10:00]: Parser reload
[2023-01-21 08:11:00]: Parser reload
[2023-01-21 08:12:00]: Parser reload
[2023-01-21 08:13:00]: Parser reload
[2023-01-21 08:14:00]: Parser reload
[2023-01-21 08:15:00]: Parser reload
[2023-01-21 08:16:00]: Parser reload
[2023-01-21 08:17:00]: Parser reload
[2023-01-21 08:18:00]: Parser reload
[2023-01-21 08:19:00]: Parser reload
[2023-01-21 08:20:00]: Parser reload
[2023-01-21 08:21:00]: Parser reload
[2023-01-21 08:22:00]: Parser reload
[2023-01-21 08:23:00]: Parser reload
[2023-01-21 08:24:00]: Parser reload
[2023-01-21 08:25:00]: Parser reload
[2023-01-21 08:26:00]: Parser reload
[2023-01-21 08:27:00]: Parser reload
[2023-01-21 08:28:00]: Parser reload
[2023-01-21 08:29:00]: Parser reload
[2023-01-21 08:30:00]: Parser reload
[2023-01-21 08:31:00]: Parser reload
[2023-01-21 08:32:00]: Parser reload
[2023-01-21 08:33:00]: Parser reload
[2023-01-21 08:34:00]: Parser reload
[2023-01-21 08:35:00]: Parser reload
[2023-01-21 08:36:00]: Parser reload
[2023-01-21 08:37:00]: Parser reload
[2023-01-21 08:38:17]: Parser started
[2023-01-21 08:38:41]: Found total 1 matches
[2023-01-21 08:39:00]: Parser reload
[2023-01-21 08:39:04]: Found total 1 matches
[2023-01-21 08:40:00]: Parser reload
[2023-01-21 08:40:04]: Found total 1 matches
[2023-01-21 08:41:00]: Parser reload
[2023-01-21 08:41:04]: Found total 1 matches
[2023-01-21 08:42:00]: Parser reload
[2023-01-21 08:42:04]: Found total 1 matches
[2023-01-21 08:43:00]: Parser reload
[2023-01-21 08:43:04]: Found total 1 matches
[2023-01-21 08:44:00]: Parser reload
[2023-01-21 08:44:04]: Found total 1 matches
[2023-01-21 08:45:00]: Parser reload
[2023-01-21 08:45:05]: Found total 1 matches
[2023-01-21 08:46:00]: Parser reload
[2023-01-21 08:46:05]: Found total 1 matches
[2023-01-21 08:47:00]: Parser reload
[2023-01-21 08:47:04]: Found total 1 matches
[2023-01-21 08:48:00]: Parser reload
[2023-01-21 08:48:04]: Found total 1 matches
[2023-01-21 08:49:00]: Parser reload
[2023-01-21 08:49:04]: Found total 1 matches
[2023-01-21 08:50:00]: Parser reload
[2023-01-21 08:50:04]: Found total 1 matches
[2023-01-21 08:51:00]: Parser reload
[2023-01-21 08:51:04]: Found total 1 matches
[2023-01-21 08:52:00]: Parser reload
[2023-01-21 08:52:04]: Found total 2 matches
[2023-01-21 08:53:00]: Parser reload
[2023-01-21 08:53:04]: Found total 2 matches
[2023-01-21 08:54:00]: Parser reload
[2023-01-21 08:54:04]: Found total 2 matches
[2023-01-21 08:55:00]: Parser reload
[2023-01-21 08:55:04]: Found total 2 matches
[2023-01-21 08:56:00]: Parser reload
[2023-01-21 08:56:04]: Found total 2 matches
[2023-01-21 08:57:00]: Parser reload
[2023-01-21 08:57:04]: Found total 2 matches
[2023-01-21 08:57:13]: Found fit match: Red Eagles Hokkaido - East Hokkaido Cranes, 2 period, 5(25) minute, score: 1:1
[2023-01-21 08:58:00]: Parser reload
[2023-01-21 08:58:04]: Found total 2 matches
[2023-01-21 08:58:13]: Found fit match: Red Eagles Hokkaido - East Hokkaido Cranes, 2 period, 5(25) minute, score: 1:1
[2023-01-21 08:59:00]: Parser reload
[2023-01-21 08:59:04]: Found total 2 matches
[2023-01-21 09:00:00]: Parser reload
[2023-01-21 09:00:04]: Found total 2 matches
[2023-01-21 09:01:00]: Parser reload
[2023-01-21 09:01:04]: Found total 2 matches
[2023-01-21 09:02:00]: Parser reload
[2023-01-21 09:02:04]: Found total 2 matches
[2023-01-21 09:03:00]: Parser reload
[2023-01-21 09:03:04]: Found total 2 matches
[2023-01-21 09:04:00]: Parser reload
[2023-01-21 09:04:04]: Found total 2 matches
[2023-01-21 09:05:00]: Parser reload
[2023-01-21 09:05:04]: Found total 2 matches
[2023-01-21 09:06:00]: Parser reload
[2023-01-21 09:06:06]: Found total 2 matches
[2023-01-21 09:07:00]: Parser reload
[2023-01-21 09:07:04]: Found total 2 matches
[2023-01-21 09:08:00]: Parser reload
[2023-01-21 09:08:06]: Found total 2 matches
[2023-01-21 09:09:00]: Parser reload
[2023-01-21 09:09:05]: Found total 2 matches
[2023-01-21 09:10:00]: Parser reload
[2023-01-21 09:10:04]: Found total 2 matches
[2023-01-21 09:11:00]: Parser reload
[2023-01-21 09:11:04]: Found total 2 matches
[2023-01-21 09:12:00]: Parser reload
[2023-01-21 09:12:04]: Found total 2 matches
[2023-01-21 09:13:00]: Parser reload
[2023-01-21 09:13:04]: Found total 2 matches
[2023-01-21 09:14:00]: Parser reload
[2023-01-21 09:14:04]: Found total 2 matches
[2023-01-21 09:15:00]: Parser reload
[2023-01-21 09:15:04]: Found total 2 matches
[2023-01-21 09:16:00]: Parser reload
[2023-01-21 09:16:04]: Found total 2 matches
[2023-01-21 09:17:00]: Parser reload
[2023-01-21 09:17:05]: Found total 2 matches
[2023-01-21 09:18:00]: Parser reload
[2023-01-21 09:18:04]: Found total 2 matches
[2023-01-21 09:19:00]: Parser reload
[2023-01-21 09:19:05]: Found total 2 matches
[2023-01-21 09:20:00]: Parser reload
[2023-01-21 09:20:05]: Found total 2 matches
[2023-01-21 09:21:00]: Parser reload
[2023-01-21 09:21:04]: Found total 2 matches
[2023-01-21 09:22:00]: Parser reload
[2023-01-21 09:22:05]: Found total 2 matches
[2023-01-21 09:23:00]: Parser reload
[2023-01-21 09:23:04]: Found total 2 matches
[2023-01-21 09:24:00]: Parser reload
[2023-01-21 09:24:04]: Found total 2 matches
[2023-01-21 09:25:00]: Parser reload
[2023-01-21 09:25:05]: Found total 2 matches
[2023-01-21 09:26:00]: Parser reload
[2023-01-21 09:26:05]: Found total 2 matches
[2023-01-21 09:27:00]: Parser reload
[2023-01-21 09:27:04]: Found total 2 matches
[2023-01-21 09:28:00]: Parser reload
[2023-01-21 09:28:04]: Found total 2 matches
[2023-01-21 09:29:00]: Parser reload
[2023-01-21 09:29:04]: Found total 2 matches
[2023-01-21 09:30:00]: Parser reload
[2023-01-21 09:30:05]: Found total 2 matches
[2023-01-21 09:31:00]: Parser reload
[2023-01-21 09:31:04]: Found total 2 matches
[2023-01-21 09:32:00]: Parser reload
[2023-01-21 09:32:04]: Found total 2 matches
[2023-01-21 09:33:00]: Parser reload
[2023-01-21 09:33:04]: Found total 2 matches
[2023-01-21 09:34:00]: Parser reload
[2023-01-21 09:34:04]: Found total 2 matches
[2023-01-21 09:35:00]: Parser reload
[2023-01-21 09:35:04]: Found total 2 matches
[2023-01-21 09:36:00]: Parser reload
[2023-01-21 09:36:04]: Found total 2 matches
[2023-01-21 09:37:00]: Parser reload
[2023-01-21 09:37:04]: Found total 2 matches
[2023-01-21 09:38:00]: Parser reload
[2023-01-21 09:38:04]: Found total 2 matches
[2023-01-21 09:39:00]: Parser reload
[2023-01-21 09:39:07]: Found total 2 matches
[2023-01-21 09:40:00]: Parser reload
[2023-01-21 09:40:04]: Found total 2 matches
[2023-01-21 09:41:00]: Parser reload
[2023-01-21 09:41:04]: Found total 2 matches
[2023-01-21 09:42:00]: Parser reload
[2023-01-21 09:42:05]: Found total 2 matches
[2023-01-21 09:43:00]: Parser reload
[2023-01-21 09:43:05]: Found total 2 matches
[2023-01-21 09:44:00]: Parser reload
[2023-01-21 09:44:05]: Found total 2 matches
[2023-01-21 09:45:00]: Parser reload
[2023-01-21 09:45:05]: Found total 2 matches
[2023-01-21 09:46:00]: Parser reload
[2023-01-21 09:46:04]: Found total 2 matches
[2023-01-21 09:47:00]: Parser reload
[2023-01-21 09:47:06]: Found total 2 matches
[2023-01-21 09:48:00]: Parser reload
[2023-01-21 09:48:05]: Found total 2 matches
[2023-01-21 09:49:00]: Parser reload
[2023-01-21 09:49:04]: Found total 2 matches
[2023-01-21 09:50:00]: Parser reload
[2023-01-21 09:50:04]: Found total 2 matches
[2023-01-21 09:51:00]: Parser reload
[2023-01-21 09:51:04]: Found total 2 matches
[2023-01-21 09:52:00]: Parser reload
[2023-01-21 09:52:05]: Found total 2 matches
[2023-01-21 09:52:14]: Found fit match: Barys Jun - Qyran Karaganda Jun, 2 period, 5(25) minute, score: 1:1
[2023-01-21 09:53:00]: Parser reload
[2023-01-21 09:53:04]: Found total 2 matches
[2023-01-21 09:54:00]: Parser reload
[2023-01-21 09:54:04]: Found total 2 matches
[2023-01-21 09:55:00]: Parser reload
[2023-01-21 09:55:04]: Found total 2 matches
[2023-01-21 09:56:00]: Parser reload
[2023-01-21 09:56:04]: Found total 2 matches
[2023-01-21 09:57:00]: Parser reload
[2023-01-21 09:57:04]: Found total 2 matches
[2023-01-21 09:58:00]: Parser reload
[2023-01-21 09:58:04]: Found total 2 matches
[2023-01-21 09:59:00]: Parser reload
[2023-01-21 09:59:04]: Found total 2 matches
[2023-01-21 10:00:00]: Parser reload
[2023-01-21 10:00:05]: Found total 2 matches
[2023-01-21 10:01:00]: Parser reload
[2023-01-21 10:01:04]: Found total 2 matches
[2023-01-21 10:02:00]: Parser reload
[2023-01-21 10:02:05]: Found total 2 matches
[2023-01-21 10:03:00]: Parser reload
[2023-01-21 10:03:05]: Found total 2 matches
[2023-01-21 10:04:00]: Parser reload
[2023-01-21 10:04:04]: Found total 2 matches
[2023-01-21 10:05:00]: Parser reload
[2023-01-21 10:05:04]: Found total 2 matches
[2023-01-21 10:06:00]: Parser reload
[2023-01-21 10:06:04]: Found total 2 matches
